TN:
SF:D:/Person-Front and Back End/AN-PRSN/src/polyfills.ts
FNF:0
FNH:0
DA:41,1
DA:42,1
DA:56,1
LF:3
LH:3
BRF:0
BRH:0
end_of_record
TN:
SF:D:/Person-Front and Back End/AN-PRSN/src/test.ts
FN:20,(anonymous_0)
FNF:1
FNH:1
FNDA:1,(anonymous_0)
DA:3,1
DA:4,1
DA:5,1
DA:6,1
DA:7,1
DA:8,1
DA:9,1
DA:10,1
DA:20,1
DA:23,1
DA:28,1
DA:30,1
DA:32,1
LF:13
LH:13
BRF:0
BRH:0
end_of_record
TN:
SF:D:/Person-Front and Back End/AN-PRSN/src/app/app.component.ts
FN:10,(anonymous_1)
FN:4,AppComponent
FN:13,(anonymous_3)
FNF:3
FNH:1
FNDA:1,(anonymous_1)
FNDA:0,AppComponent
FNDA:0,(anonymous_3)
DA:1,1
DA:10,1
DA:11,0
DA:13,1
DA:15,1
LF:5
LH:4
BRF:0
BRH:0
end_of_record
TN:
SF:D:/Person-Front and Back End/AN-PRSN/src/app/system/system.component.ts
FN:8,(anonymous_2)
FN:10,SystemComponent
FN:12,(anonymous_4)
FN:14,(anonymous_5)
FN:17,(anonymous_6)
FNF:5
FNH:5
FNDA:1,(anonymous_2)
FNDA:5,SystemComponent
FNDA:5,(anonymous_4)
FNDA:2,(anonymous_5)
FNDA:2,(anonymous_6)
DA:1,1
DA:8,1
DA:10,5
DA:12,1
DA:14,1
DA:15,2
DA:17,1
DA:18,2
DA:20,1
LF:9
LH:9
BRF:0
BRH:0
end_of_record
